[debug] [2022-11-12T15:46:33.296Z] ----------------------------------------------------------------------
[debug] [2022-11-12T15:46:33.302Z] Command:       C:\Program Files\nodejs\node.exe C:\Users\User\AppData\Roaming\npm\node_modules\firebase-tools\lib\bin\firebase.js init
[debug] [2022-11-12T15:46:33.303Z] CLI Version:   11.15.0
[debug] [2022-11-12T15:46:33.304Z] Platform:      win32
[debug] [2022-11-12T15:46:33.304Z] Node Version:  v18.7.0
[debug] [2022-11-12T15:46:33.305Z] Time:          Sat Nov 12 2022 21:46:33 GMT+0600 (Bangladesh Standard Time)
[debug] [2022-11-12T15:46:33.306Z] ----------------------------------------------------------------------
[debug] 
[debug] [2022-11-12T15:46:33.312Z] >>> [apiv2][query] GET https://firebase-public.firebaseio.com/cli.json [none]
[debug] [2022-11-12T15:46:33.393Z] > command requires scopes: ["email","openid","https://www.googleapis.com/auth/cloudplatformprojects.readonly","https://www.googleapis.com/auth/firebase","https://www.googleapis.com/auth/cloud-platform"]
[debug] [2022-11-12T15:46:33.394Z] > authorizing via signed-in user (nazrul2517@gmail.com)
[info] 
     ######## #### ########  ######## ########     ###     ######  ########
     ##        ##  ##     ## ##       ##     ##  ##   ##  ##       ##
     ######    ##  ########  ######   ########  #########  ######  ######
     ##        ##  ##    ##  ##       ##     ## ##     ##       ## ##
     ##       #### ##     ## ######## ########  ##     ##  ######  ########

You're about to initialize a Firebase project in this directory:

  F:\Personal Stuff\Web Development\Programming-Hero\React_Recap\car-services

[debug] [2022-11-12T15:46:34.184Z] <<< [apiv2][status] GET https://firebase-public.firebaseio.com/cli.json 200
[debug] [2022-11-12T15:46:34.186Z] <<< [apiv2][body] GET https://firebase-public.firebaseio.com/cli.json {"cloudBuildErrorAfter":1594252800000,"cloudBuildWarnAfter":1590019200000,"defaultNode10After":1594252800000,"minVersion":"3.0.5","node8DeploysDisabledAfter":1613390400000,"node8RuntimeDisabledAfter":1615809600000,"node8WarnAfter":1600128000000}
[debug] [2022-11-12T15:47:06.175Z] ----------------------------------------------------------------------
[debug] [2022-11-12T15:47:06.178Z] Command:       C:\Program Files\nodejs\node.exe C:\Users\User\AppData\Roaming\npm\node_modules\firebase-tools\lib\bin\firebase.js init
[debug] [2022-11-12T15:47:06.179Z] CLI Version:   11.15.0
[debug] [2022-11-12T15:47:06.180Z] Platform:      win32
[debug] [2022-11-12T15:47:06.180Z] Node Version:  v18.7.0
[debug] [2022-11-12T15:47:06.182Z] Time:          Sat Nov 12 2022 21:47:06 GMT+0600 (Bangladesh Standard Time)
[debug] [2022-11-12T15:47:06.183Z] ----------------------------------------------------------------------
[debug] 
[debug] [2022-11-12T15:47:06.196Z] > command requires scopes: ["email","openid","https://www.googleapis.com/auth/cloudplatformprojects.readonly","https://www.googleapis.com/auth/firebase","https://www.googleapis.com/auth/cloud-platform"]
[debug] [2022-11-12T15:47:06.199Z] > authorizing via signed-in user (nazrul2517@gmail.com)
[info] 
     ######## #### ########  ######## ########     ###     ######  ########
     ##        ##  ##     ## ##       ##     ##  ##   ##  ##       ##
     ######    ##  ########  ######   ########  #########  ######  ######
     ##        ##  ##    ##  ##       ##     ## ##     ##       ## ##
     ##       #### ##     ## ######## ########  ##     ##  ######  ########

You're about to initialize a Firebase project in this directory:

  F:\Personal Stuff\Web Development\Programming-Hero\React_Recap\car-services

[info] 
=== Project Setup
[info] 
[info] First, let's associate this project directory with a Firebase project.
[info] You can create multiple project aliases by running firebase use --add, 
[info] but for now we'll just set up a default project.
[info] 
[debug] [2022-11-12T15:47:51.737Z] > refreshing access token with scopes: []
[debug] [2022-11-12T15:47:51.744Z] >>> [apiv2][query] POST https://www.googleapis.com/oauth2/v3/token [none]
[debug] [2022-11-12T15:47:51.744Z] >>> [apiv2][body] POST https://www.googleapis.com/oauth2/v3/token [omitted]
[debug] [2022-11-12T15:47:52.158Z] <<< [apiv2][status] POST https://www.googleapis.com/oauth2/v3/token 200
[debug] [2022-11-12T15:47:52.159Z] <<< [apiv2][body] POST https://www.googleapis.com/oauth2/v3/token [omitted]
[debug] [2022-11-12T15:47:52.175Z] >>> [apiv2][query] GET https://firebase.googleapis.com/v1beta1/projects pageSize=100
[debug] [2022-11-12T15:47:53.322Z] <<< [apiv2][status] GET https://firebase.googleapis.com/v1beta1/projects 200
[debug] [2022-11-12T15:47:53.322Z] <<< [apiv2][body] GET https://firebase.googleapis.com/v1beta1/projects [omitted]
